<?xml version="1.0" encoding="UTF-8"?>
<!-- Generated by org.testng.reporters.JUnitReportReporter -->
<testsuite hostname="LAPTOP-1FJVLAAM" name="testing.Admin" tests="1" failures="0" timestamp="16 Aug 2019 10:49:10 GMT" time="8.172" errors="0">
  <testcase name="login" time="8.172" classname="testing.Admin"/>
</testsuite> <!-- testing.Admin -->
