<?xml version="1.0" encoding="UTF-8"?>
<!-- Generated by org.testng.reporters.JUnitReportReporter -->
<testsuite hostname="LAPTOP-1FJVLAAM" name="com.byndr.Student" tests="2" failures="0" timestamp="9 Aug 2019 05:13:39 GMT" time="10.417" errors="0">
  <testcase name="login" time="5.927" classname="com.byndr.Student"/>
  <testcase name="post" time="4.490" classname="com.byndr.Student"/>
</testsuite> <!-- com.byndr.Student -->
