<?xml version="1.0" encoding="UTF-8"?>
<!-- Generated by org.testng.reporters.JUnitReportReporter -->
<testsuite hostname="LAPTOP-1FJVLAAM" name="testing.AdminAddFaculty" tests="3" failures="0" timestamp="16 Aug 2019 06:24:34 GMT" time="22.881" errors="0">
  <testcase name="login" time="6.248" classname="testing.AdminAddFaculty"/>
  <testcase name="addFaculty" time="7.896" classname="testing.AdminAddFaculty"/>
  <testcase name="loginTest" time="8.737" classname="testing.AdminAddFaculty"/>
</testsuite> <!-- testing.AdminAddFaculty -->
