<?xml version="1.0" encoding="UTF-8"?>
<!-- Generated by org.testng.reporters.JUnitReportReporter -->
<testsuite hostname="LAPTOP-1FJVLAAM" name="com.byndr.RequestDemo" tests="1" failures="0" timestamp="7 Aug 2019 16:24:08 GMT" time="5.152" errors="0">
  <testcase name="requestDemo" time="5.152" classname="com.byndr.RequestDemo"/>
</testsuite> <!-- com.byndr.RequestDemo -->
